22c8 initialise_clink          100 Host process is 'cmd.exe'
22c8 hook_setter::hook_setter   36 >>> Started hook transaction.
22c8 hook_iat                   53 Attempting to hook IAT for module 00007FF7B2990000
22c8 hook_iat                   54 Target is (null),SetEnvironmentVariableW (by_name=1)
22c8 pe_info::iterate_imports  154 Checking imports in 'msvcrt.dll'
22c8 pe_info::iterate_imports  154 Checking imports in 'ntdll.dll'
22c8 pe_info::iterate_imports  154 Checking imports in 'api-ms-win-core-kernel32-legacy-l1-1-0.dll'
22c8 pe_info::iterate_imports  154 Checking imports in 'api-ms-win-core-libraryloader-l1-2-0.dll'
22c8 pe_info::iterate_imports  154 Checking imports in 'api-ms-win-core-synch-l1-1-0.dll'
22c8 pe_info::iterate_imports  154 Checking imports in 'api-ms-win-core-heap-l1-1-0.dll'
22c8 pe_info::iterate_imports  154 Checking imports in 'api-ms-win-core-errorhandling-l1-1-0.dll'
22c8 pe_info::iterate_imports  154 Checking imports in 'api-ms-win-core-processthreads-l1-1-0.dll'
22c8 pe_info::iterate_imports  154 Checking imports in 'api-ms-win-core-localization-l1-2-0.dll'
22c8 pe_info::iterate_imports  154 Checking imports in 'api-ms-win-core-debug-l1-1-0.dll'
22c8 pe_info::iterate_imports  154 Checking imports in 'api-ms-win-core-handle-l1-1-0.dll'
22c8 pe_info::iterate_imports  154 Checking imports in 'api-ms-win-core-memory-l1-1-0.dll'
22c8 pe_info::iterate_imports  154 Checking imports in 'api-ms-win-core-console-l1-1-0.dll'
22c8 pe_info::iterate_imports  154 Checking imports in 'api-ms-win-core-file-l1-1-0.dll'
22c8 pe_info::iterate_imports  154 Checking imports in 'api-ms-win-core-string-l1-1-0.dll'
22c8 pe_info::iterate_imports  154 Checking imports in 'api-ms-win-core-processenvironment-l1-1-0.dll'
22c8 hook_iat                   81 Found import at 00007FF7B29C3860 (value = 00007FFB13F8D620)
22c8 hook_iat                   53 Attempting to hook IAT for module 00007FFAA80A0000
22c8 hook_iat                   54 Target is (null),SetEnvironmentVariableW (by_name=1)
22c8 pe_info::iterate_imports  154 Checking imports in 'VERSION.dll'
22c8 pe_info::iterate_imports  154 Checking imports in 'SHLWAPI.dll'
22c8 pe_info::iterate_imports  154 Checking imports in 'dbghelp.dll'
22c8 pe_info::iterate_imports  154 Checking imports in 'KERNEL32.dll'
22c8 hook_iat                   81 Found import at 00007FFAA815C1D0 (value = 00007FFB163309C0)
22c8 hook_iat                   53 Attempting to hook IAT for module 00007FF7B2990000
22c8 hook_iat                   54 Target is (null),WriteConsoleW (by_name=1)
22c8 pe_info::iterate_imports  154 Checking imports in 'msvcrt.dll'
22c8 pe_info::iterate_imports  154 Checking imports in 'ntdll.dll'
22c8 pe_info::iterate_imports  154 Checking imports in 'api-ms-win-core-kernel32-legacy-l1-1-0.dll'
22c8 pe_info::iterate_imports  154 Checking imports in 'api-ms-win-core-libraryloader-l1-2-0.dll'
22c8 pe_info::iterate_imports  154 Checking imports in 'api-ms-win-core-synch-l1-1-0.dll'
22c8 pe_info::iterate_imports  154 Checking imports in 'api-ms-win-core-heap-l1-1-0.dll'
22c8 pe_info::iterate_imports  154 Checking imports in 'api-ms-win-core-errorhandling-l1-1-0.dll'
22c8 pe_info::iterate_imports  154 Checking imports in 'api-ms-win-core-processthreads-l1-1-0.dll'
22c8 pe_info::iterate_imports  154 Checking imports in 'api-ms-win-core-localization-l1-2-0.dll'
22c8 pe_info::iterate_imports  154 Checking imports in 'api-ms-win-core-debug-l1-1-0.dll'
22c8 pe_info::iterate_imports  154 Checking imports in 'api-ms-win-core-handle-l1-1-0.dll'
22c8 pe_info::iterate_imports  154 Checking imports in 'api-ms-win-core-memory-l1-1-0.dll'
22c8 pe_info::iterate_imports  154 Checking imports in 'api-ms-win-core-console-l1-1-0.dll'
22c8 hook_iat                   81 Found import at 00007FF7B29C34F8 (value = 00007FFB13F37670)
22c8 hook_iat                   53 Attempting to hook IAT for module 00007FFAA80A0000
22c8 hook_iat                   54 Target is (null),WriteConsoleW (by_name=1)
22c8 pe_info::iterate_imports  154 Checking imports in 'VERSION.dll'
22c8 pe_info::iterate_imports  154 Checking imports in 'SHLWAPI.dll'
22c8 pe_info::iterate_imports  154 Checking imports in 'dbghelp.dll'
22c8 pe_info::iterate_imports  154 Checking imports in 'KERNEL32.dll'
22c8 hook_iat                   81 Found import at 00007FFAA815C0C8 (value = 00007FFB163353C0)
22c8 hook_iat                   53 Attempting to hook IAT for module 00007FF7B2990000
22c8 hook_iat                   54 Target is (null),GetEnvironmentVariableW (by_name=1)
22c8 pe_info::iterate_imports  154 Checking imports in 'msvcrt.dll'
22c8 pe_info::iterate_imports  154 Checking imports in 'ntdll.dll'
22c8 pe_info::iterate_imports  154 Checking imports in 'api-ms-win-core-kernel32-legacy-l1-1-0.dll'
22c8 pe_info::iterate_imports  154 Checking imports in 'api-ms-win-core-libraryloader-l1-2-0.dll'
22c8 pe_info::iterate_imports  154 Checking imports in 'api-ms-win-core-synch-l1-1-0.dll'
22c8 pe_info::iterate_imports  154 Checking imports in 'api-ms-win-core-heap-l1-1-0.dll'
22c8 pe_info::iterate_imports  154 Checking imports in 'api-ms-win-core-errorhandling-l1-1-0.dll'
22c8 pe_info::iterate_imports  154 Checking imports in 'api-ms-win-core-processthreads-l1-1-0.dll'
22c8 pe_info::iterate_imports  154 Checking imports in 'api-ms-win-core-localization-l1-2-0.dll'
22c8 pe_info::iterate_imports  154 Checking imports in 'api-ms-win-core-debug-l1-1-0.dll'
22c8 pe_info::iterate_imports  154 Checking imports in 'api-ms-win-core-handle-l1-1-0.dll'
22c8 pe_info::iterate_imports  154 Checking imports in 'api-ms-win-core-memory-l1-1-0.dll'
22c8 pe_info::iterate_imports  154 Checking imports in 'api-ms-win-core-console-l1-1-0.dll'
22c8 pe_info::iterate_imports  154 Checking imports in 'api-ms-win-core-file-l1-1-0.dll'
22c8 pe_info::iterate_imports  154 Checking imports in 'api-ms-win-core-string-l1-1-0.dll'
22c8 pe_info::iterate_imports  154 Checking imports in 'api-ms-win-core-processenvironment-l1-1-0.dll'
22c8 hook_iat                   81 Found import at 00007FF7B29C3880 (value = 00007FFB13F55240)
22c8 hook_iat                   53 Attempting to hook IAT for module 00007FFAA80A0000
22c8 hook_iat                   54 Target is (null),GetEnvironmentVariableW (by_name=1)
22c8 pe_info::iterate_imports  154 Checking imports in 'VERSION.dll'
22c8 pe_info::iterate_imports  154 Checking imports in 'SHLWAPI.dll'
22c8 pe_info::iterate_imports  154 Checking imports in 'dbghelp.dll'
22c8 pe_info::iterate_imports  154 Checking imports in 'KERNEL32.dll'
22c8 hook_iat                   81 Found import at 00007FFAA815C1C8 (value = 00007FFB1632B620)
22c8 hook_setter::commit        88 <<< Hook transaction committed.
22c8 hook_iat                   53 Attempting to hook IAT for module 00007FF7B2990000
22c8 hook_iat                   54 Target is (null),GetEnvironmentVariableW (by_name=1)
22c8 pe_info::iterate_imports  154 Checking imports in 'msvcrt.dll'
22c8 pe_info::iterate_imports  154 Checking imports in 'ntdll.dll'
22c8 pe_info::iterate_imports  154 Checking imports in 'api-ms-win-core-kernel32-legacy-l1-1-0.dll'
22c8 pe_info::iterate_imports  154 Checking imports in 'api-ms-win-core-libraryloader-l1-2-0.dll'
22c8 pe_info::iterate_imports  154 Checking imports in 'api-ms-win-core-synch-l1-1-0.dll'
22c8 pe_info::iterate_imports  154 Checking imports in 'api-ms-win-core-heap-l1-1-0.dll'
22c8 pe_info::iterate_imports  154 Checking imports in 'api-ms-win-core-errorhandling-l1-1-0.dll'
22c8 pe_info::iterate_imports  154 Checking imports in 'api-ms-win-core-processthreads-l1-1-0.dll'
22c8 pe_info::iterate_imports  154 Checking imports in 'api-ms-win-core-localization-l1-2-0.dll'
22c8 pe_info::iterate_imports  154 Checking imports in 'api-ms-win-core-debug-l1-1-0.dll'
22c8 pe_info::iterate_imports  154 Checking imports in 'api-ms-win-core-handle-l1-1-0.dll'
22c8 pe_info::iterate_imports  154 Checking imports in 'api-ms-win-core-memory-l1-1-0.dll'
22c8 pe_info::iterate_imports  154 Checking imports in 'api-ms-win-core-console-l1-1-0.dll'
22c8 pe_info::iterate_imports  154 Checking imports in 'api-ms-win-core-file-l1-1-0.dll'
22c8 pe_info::iterate_imports  154 Checking imports in 'api-ms-win-core-string-l1-1-0.dll'
22c8 pe_info::iterate_imports  154 Checking imports in 'api-ms-win-core-processenvironment-l1-1-0.dll'
22c8 hook_iat                   81 Found import at 00007FF7B29C3880 (value = 00007FFAA80AD770)
22c8 hook_setter::hook_setter   36 >>> Started hook transaction.
22c8 hook_setter::add_detour   119 Attempting to hook ReadConsoleW in kernelbase.dll with 00007FFAA80ADAE0.
22c8 add_repair_iat_node       135 Attempting to hook IAT for module 00007FFAA80A0000.
22c8 add_repair_iat_node       143 Target is ReadConsoleW (by name).
22c8 pe_info::iterate_imports  154 Checking imports in 'VERSION.dll'
22c8 pe_info::iterate_imports  154 Checking imports in 'SHLWAPI.dll'
22c8 pe_info::iterate_imports  154 Checking imports in 'dbghelp.dll'
22c8 pe_info::iterate_imports  154 Checking imports in 'KERNEL32.dll'
22c8 add_repair_iat_node       168 Found import at 00007FFAA815C1C0 (value is 00007FFB16335370).
22c8 hook_setter::add_detour   119 Attempting to hook ReadConsoleW in kernel32.dll with 00007FFAA80ADAE0.
22c8 follow_jump               121 Following jump to 00007FFB14022F70
22c8 add_repair_iat_node       135 Attempting to hook IAT for module 00007FFAA80A0000.
22c8 add_repair_iat_node       143 Target is ReadConsoleW (by name).
22c8 pe_info::iterate_imports  154 Checking imports in 'VERSION.dll'
22c8 pe_info::iterate_imports  154 Checking imports in 'SHLWAPI.dll'
22c8 pe_info::iterate_imports  154 Checking imports in 'dbghelp.dll'
22c8 pe_info::iterate_imports  154 Checking imports in 'KERNEL32.dll'
22c8 add_repair_iat_node       168 Found import at 00007FFAA815C1C0 (value is 00007FFB16335370).
22c8 hook_setter::commit        88 <<< Hook transaction committed.
22c8 extract_ctag              638 read 0 bytes
22c8 extract_ctag              638 read 0 bytes
22c8 history_db::initialise    789 master bank ctag: |CTAG_1667934763_316112281_8904_0
22c8 history_db::compact       922 History:  0 active, 0 deleted
22c8 win_screen_buffer::begin   77 Using native terminal support; found 'conemuhk64.dll'.
2418 initialise_clink          100 Host process is 'cmd.exe'
2418 hook_setter::hook_setter   36 >>> Started hook transaction.
2418 hook_iat                   53 Attempting to hook IAT for module 00007FF7B2990000
2418 hook_iat                   54 Target is (null),SetEnvironmentVariableW (by_name=1)
2418 pe_info::iterate_imports  154 Checking imports in 'msvcrt.dll'
2418 pe_info::iterate_imports  154 Checking imports in 'ntdll.dll'
2418 pe_info::iterate_imports  154 Checking imports in 'api-ms-win-core-kernel32-legacy-l1-1-0.dll'
2418 pe_info::iterate_imports  154 Checking imports in 'api-ms-win-core-libraryloader-l1-2-0.dll'
2418 pe_info::iterate_imports  154 Checking imports in 'api-ms-win-core-synch-l1-1-0.dll'
2418 pe_info::iterate_imports  154 Checking imports in 'api-ms-win-core-heap-l1-1-0.dll'
2418 pe_info::iterate_imports  154 Checking imports in 'api-ms-win-core-errorhandling-l1-1-0.dll'
2418 pe_info::iterate_imports  154 Checking imports in 'api-ms-win-core-processthreads-l1-1-0.dll'
2418 pe_info::iterate_imports  154 Checking imports in 'api-ms-win-core-localization-l1-2-0.dll'
2418 pe_info::iterate_imports  154 Checking imports in 'api-ms-win-core-debug-l1-1-0.dll'
2418 pe_info::iterate_imports  154 Checking imports in 'api-ms-win-core-handle-l1-1-0.dll'
2418 pe_info::iterate_imports  154 Checking imports in 'api-ms-win-core-memory-l1-1-0.dll'
2418 pe_info::iterate_imports  154 Checking imports in 'api-ms-win-core-console-l1-1-0.dll'
2418 pe_info::iterate_imports  154 Checking imports in 'api-ms-win-core-file-l1-1-0.dll'
2418 pe_info::iterate_imports  154 Checking imports in 'api-ms-win-core-string-l1-1-0.dll'
2418 pe_info::iterate_imports  154 Checking imports in 'api-ms-win-core-processenvironment-l1-1-0.dll'
2418 hook_iat                   81 Found import at 00007FF7B29C3860 (value = 00007FFB13F8D620)
2418 hook_iat                   53 Attempting to hook IAT for module 00007FFA4A5F0000
2418 hook_iat                   54 Target is (null),SetEnvironmentVariableW (by_name=1)
2418 pe_info::iterate_imports  154 Checking imports in 'VERSION.dll'
2418 pe_info::iterate_imports  154 Checking imports in 'SHLWAPI.dll'
2418 pe_info::iterate_imports  154 Checking imports in 'dbghelp.dll'
2418 pe_info::iterate_imports  154 Checking imports in 'KERNEL32.dll'
2418 hook_iat                   81 Found import at 00007FFA4A6AC1D0 (value = 00007FFB163309C0)
2418 hook_iat                   53 Attempting to hook IAT for module 00007FF7B2990000
2418 hook_iat                   54 Target is (null),WriteConsoleW (by_name=1)
2418 pe_info::iterate_imports  154 Checking imports in 'msvcrt.dll'
2418 pe_info::iterate_imports  154 Checking imports in 'ntdll.dll'
2418 pe_info::iterate_imports  154 Checking imports in 'api-ms-win-core-kernel32-legacy-l1-1-0.dll'
2418 pe_info::iterate_imports  154 Checking imports in 'api-ms-win-core-libraryloader-l1-2-0.dll'
2418 pe_info::iterate_imports  154 Checking imports in 'api-ms-win-core-synch-l1-1-0.dll'
2418 pe_info::iterate_imports  154 Checking imports in 'api-ms-win-core-heap-l1-1-0.dll'
2418 pe_info::iterate_imports  154 Checking imports in 'api-ms-win-core-errorhandling-l1-1-0.dll'
2418 pe_info::iterate_imports  154 Checking imports in 'api-ms-win-core-processthreads-l1-1-0.dll'
2418 pe_info::iterate_imports  154 Checking imports in 'api-ms-win-core-localization-l1-2-0.dll'
2418 pe_info::iterate_imports  154 Checking imports in 'api-ms-win-core-debug-l1-1-0.dll'
2418 pe_info::iterate_imports  154 Checking imports in 'api-ms-win-core-handle-l1-1-0.dll'
2418 pe_info::iterate_imports  154 Checking imports in 'api-ms-win-core-memory-l1-1-0.dll'
2418 pe_info::iterate_imports  154 Checking imports in 'api-ms-win-core-console-l1-1-0.dll'
2418 hook_iat                   81 Found import at 00007FF7B29C34F8 (value = 00007FFB13F37670)
2418 hook_iat                   53 Attempting to hook IAT for module 00007FFA4A5F0000
2418 hook_iat                   54 Target is (null),WriteConsoleW (by_name=1)
2418 pe_info::iterate_imports  154 Checking imports in 'VERSION.dll'
2418 pe_info::iterate_imports  154 Checking imports in 'SHLWAPI.dll'
2418 pe_info::iterate_imports  154 Checking imports in 'dbghelp.dll'
2418 pe_info::iterate_imports  154 Checking imports in 'KERNEL32.dll'
2418 hook_iat                   81 Found import at 00007FFA4A6AC0C8 (value = 00007FFB163353C0)
2418 hook_iat                   53 Attempting to hook IAT for module 00007FF7B2990000
2418 hook_iat                   54 Target is (null),GetEnvironmentVariableW (by_name=1)
2418 pe_info::iterate_imports  154 Checking imports in 'msvcrt.dll'
2418 pe_info::iterate_imports  154 Checking imports in 'ntdll.dll'
2418 pe_info::iterate_imports  154 Checking imports in 'api-ms-win-core-kernel32-legacy-l1-1-0.dll'
2418 pe_info::iterate_imports  154 Checking imports in 'api-ms-win-core-libraryloader-l1-2-0.dll'
2418 pe_info::iterate_imports  154 Checking imports in 'api-ms-win-core-synch-l1-1-0.dll'
2418 pe_info::iterate_imports  154 Checking imports in 'api-ms-win-core-heap-l1-1-0.dll'
2418 pe_info::iterate_imports  154 Checking imports in 'api-ms-win-core-errorhandling-l1-1-0.dll'
2418 pe_info::iterate_imports  154 Checking imports in 'api-ms-win-core-processthreads-l1-1-0.dll'
2418 pe_info::iterate_imports  154 Checking imports in 'api-ms-win-core-localization-l1-2-0.dll'
2418 pe_info::iterate_imports  154 Checking imports in 'api-ms-win-core-debug-l1-1-0.dll'
2418 pe_info::iterate_imports  154 Checking imports in 'api-ms-win-core-handle-l1-1-0.dll'
2418 pe_info::iterate_imports  154 Checking imports in 'api-ms-win-core-memory-l1-1-0.dll'
2418 pe_info::iterate_imports  154 Checking imports in 'api-ms-win-core-console-l1-1-0.dll'
2418 pe_info::iterate_imports  154 Checking imports in 'api-ms-win-core-file-l1-1-0.dll'
2418 pe_info::iterate_imports  154 Checking imports in 'api-ms-win-core-string-l1-1-0.dll'
2418 pe_info::iterate_imports  154 Checking imports in 'api-ms-win-core-processenvironment-l1-1-0.dll'
2418 hook_iat                   81 Found import at 00007FF7B29C3880 (value = 00007FFB13F55240)
2418 hook_iat                   53 Attempting to hook IAT for module 00007FFA4A5F0000
2418 hook_iat                   54 Target is (null),GetEnvironmentVariableW (by_name=1)
2418 pe_info::iterate_imports  154 Checking imports in 'VERSION.dll'
2418 pe_info::iterate_imports  154 Checking imports in 'SHLWAPI.dll'
2418 pe_info::iterate_imports  154 Checking imports in 'dbghelp.dll'
2418 pe_info::iterate_imports  154 Checking imports in 'KERNEL32.dll'
2418 hook_iat                   81 Found import at 00007FFA4A6AC1C8 (value = 00007FFB1632B620)
2418 hook_setter::commit        88 <<< Hook transaction committed.
2418 hook_iat                   53 Attempting to hook IAT for module 00007FF7B2990000
2418 hook_iat                   54 Target is (null),GetEnvironmentVariableW (by_name=1)
2418 pe_info::iterate_imports  154 Checking imports in 'msvcrt.dll'
2418 pe_info::iterate_imports  154 Checking imports in 'ntdll.dll'
2418 pe_info::iterate_imports  154 Checking imports in 'api-ms-win-core-kernel32-legacy-l1-1-0.dll'
2418 pe_info::iterate_imports  154 Checking imports in 'api-ms-win-core-libraryloader-l1-2-0.dll'
2418 pe_info::iterate_imports  154 Checking imports in 'api-ms-win-core-synch-l1-1-0.dll'
2418 pe_info::iterate_imports  154 Checking imports in 'api-ms-win-core-heap-l1-1-0.dll'
2418 pe_info::iterate_imports  154 Checking imports in 'api-ms-win-core-errorhandling-l1-1-0.dll'
2418 pe_info::iterate_imports  154 Checking imports in 'api-ms-win-core-processthreads-l1-1-0.dll'
2418 pe_info::iterate_imports  154 Checking imports in 'api-ms-win-core-localization-l1-2-0.dll'
2418 pe_info::iterate_imports  154 Checking imports in 'api-ms-win-core-debug-l1-1-0.dll'
2418 pe_info::iterate_imports  154 Checking imports in 'api-ms-win-core-handle-l1-1-0.dll'
2418 pe_info::iterate_imports  154 Checking imports in 'api-ms-win-core-memory-l1-1-0.dll'
2418 pe_info::iterate_imports  154 Checking imports in 'api-ms-win-core-console-l1-1-0.dll'
2418 pe_info::iterate_imports  154 Checking imports in 'api-ms-win-core-file-l1-1-0.dll'
2418 pe_info::iterate_imports  154 Checking imports in 'api-ms-win-core-string-l1-1-0.dll'
2418 pe_info::iterate_imports  154 Checking imports in 'api-ms-win-core-processenvironment-l1-1-0.dll'
2418 hook_iat                   81 Found import at 00007FF7B29C3880 (value = 00007FFA4A5FD770)
2418 hook_setter::hook_setter   36 >>> Started hook transaction.
2418 hook_setter::add_detour   119 Attempting to hook ReadConsoleW in kernelbase.dll with 00007FFA4A5FDAE0.
2418 add_repair_iat_node       135 Attempting to hook IAT for module 00007FFA4A5F0000.
2418 add_repair_iat_node       143 Target is ReadConsoleW (by name).
2418 pe_info::iterate_imports  154 Checking imports in 'VERSION.dll'
2418 pe_info::iterate_imports  154 Checking imports in 'SHLWAPI.dll'
2418 pe_info::iterate_imports  154 Checking imports in 'dbghelp.dll'
2418 pe_info::iterate_imports  154 Checking imports in 'KERNEL32.dll'
2418 add_repair_iat_node       168 Found import at 00007FFA4A6AC1C0 (value is 00007FFB16335370).
2418 hook_setter::add_detour   119 Attempting to hook ReadConsoleW in kernel32.dll with 00007FFA4A5FDAE0.
2418 follow_jump               121 Following jump to 00007FFB14022F70
2418 add_repair_iat_node       135 Attempting to hook IAT for module 00007FFA4A5F0000.
2418 add_repair_iat_node       143 Target is ReadConsoleW (by name).
2418 pe_info::iterate_imports  154 Checking imports in 'VERSION.dll'
2418 pe_info::iterate_imports  154 Checking imports in 'SHLWAPI.dll'
2418 pe_info::iterate_imports  154 Checking imports in 'dbghelp.dll'
2418 pe_info::iterate_imports  154 Checking imports in 'KERNEL32.dll'
2418 add_repair_iat_node       168 Found import at 00007FFA4A6AC1C0 (value is 00007FFB16335370).
2418 hook_setter::commit        88 <<< Hook transaction committed.
2418 history_db::initialise    789 master bank ctag: |CTAG_1667934763_316112281_8904_0
2418 history_db::compact       922 History:  0 active, 0 deleted
2418 win_screen_buffer::begin   77 Using native terminal support; found 'conemuhk64.dll'.
11d8 initialise_clink          100 Host process is 'cmd.exe'
11d8 hook_setter::hook_setter   36 >>> Started hook transaction.
11d8 hook_iat                   53 Attempting to hook IAT for module 00007FF7B2990000
11d8 hook_iat                   54 Target is (null),SetEnvironmentVariableW (by_name=1)
11d8 pe_info::iterate_imports  154 Checking imports in 'msvcrt.dll'
11d8 pe_info::iterate_imports  154 Checking imports in 'ntdll.dll'
11d8 pe_info::iterate_imports  154 Checking imports in 'api-ms-win-core-kernel32-legacy-l1-1-0.dll'
11d8 pe_info::iterate_imports  154 Checking imports in 'api-ms-win-core-libraryloader-l1-2-0.dll'
11d8 pe_info::iterate_imports  154 Checking imports in 'api-ms-win-core-synch-l1-1-0.dll'
11d8 pe_info::iterate_imports  154 Checking imports in 'api-ms-win-core-heap-l1-1-0.dll'
11d8 pe_info::iterate_imports  154 Checking imports in 'api-ms-win-core-errorhandling-l1-1-0.dll'
11d8 pe_info::iterate_imports  154 Checking imports in 'api-ms-win-core-processthreads-l1-1-0.dll'
11d8 pe_info::iterate_imports  154 Checking imports in 'api-ms-win-core-localization-l1-2-0.dll'
11d8 pe_info::iterate_imports  154 Checking imports in 'api-ms-win-core-debug-l1-1-0.dll'
11d8 pe_info::iterate_imports  154 Checking imports in 'api-ms-win-core-handle-l1-1-0.dll'
11d8 pe_info::iterate_imports  154 Checking imports in 'api-ms-win-core-memory-l1-1-0.dll'
11d8 pe_info::iterate_imports  154 Checking imports in 'api-ms-win-core-console-l1-1-0.dll'
11d8 pe_info::iterate_imports  154 Checking imports in 'api-ms-win-core-file-l1-1-0.dll'
11d8 pe_info::iterate_imports  154 Checking imports in 'api-ms-win-core-string-l1-1-0.dll'
11d8 pe_info::iterate_imports  154 Checking imports in 'api-ms-win-core-processenvironment-l1-1-0.dll'
11d8 hook_iat                   81 Found import at 00007FF7B29C3860 (value = 00007FFB13F8D620)
11d8 hook_iat                   53 Attempting to hook IAT for module 00007FFA4A5F0000
11d8 hook_iat                   54 Target is (null),SetEnvironmentVariableW (by_name=1)
11d8 pe_info::iterate_imports  154 Checking imports in 'VERSION.dll'
11d8 pe_info::iterate_imports  154 Checking imports in 'SHLWAPI.dll'
11d8 pe_info::iterate_imports  154 Checking imports in 'dbghelp.dll'
11d8 pe_info::iterate_imports  154 Checking imports in 'KERNEL32.dll'
11d8 hook_iat                   81 Found import at 00007FFA4A6AC1D0 (value = 00007FFB163309C0)
11d8 hook_iat                   53 Attempting to hook IAT for module 00007FF7B2990000
11d8 hook_iat                   54 Target is (null),WriteConsoleW (by_name=1)
11d8 pe_info::iterate_imports  154 Checking imports in 'msvcrt.dll'
11d8 pe_info::iterate_imports  154 Checking imports in 'ntdll.dll'
11d8 pe_info::iterate_imports  154 Checking imports in 'api-ms-win-core-kernel32-legacy-l1-1-0.dll'
11d8 pe_info::iterate_imports  154 Checking imports in 'api-ms-win-core-libraryloader-l1-2-0.dll'
11d8 pe_info::iterate_imports  154 Checking imports in 'api-ms-win-core-synch-l1-1-0.dll'
11d8 pe_info::iterate_imports  154 Checking imports in 'api-ms-win-core-heap-l1-1-0.dll'
11d8 pe_info::iterate_imports  154 Checking imports in 'api-ms-win-core-errorhandling-l1-1-0.dll'
11d8 pe_info::iterate_imports  154 Checking imports in 'api-ms-win-core-processthreads-l1-1-0.dll'
11d8 pe_info::iterate_imports  154 Checking imports in 'api-ms-win-core-localization-l1-2-0.dll'
11d8 pe_info::iterate_imports  154 Checking imports in 'api-ms-win-core-debug-l1-1-0.dll'
11d8 pe_info::iterate_imports  154 Checking imports in 'api-ms-win-core-handle-l1-1-0.dll'
11d8 pe_info::iterate_imports  154 Checking imports in 'api-ms-win-core-memory-l1-1-0.dll'
11d8 pe_info::iterate_imports  154 Checking imports in 'api-ms-win-core-console-l1-1-0.dll'
11d8 hook_iat                   81 Found import at 00007FF7B29C34F8 (value = 00007FFB13F37670)
11d8 hook_iat                   53 Attempting to hook IAT for module 00007FFA4A5F0000
11d8 hook_iat                   54 Target is (null),WriteConsoleW (by_name=1)
11d8 pe_info::iterate_imports  154 Checking imports in 'VERSION.dll'
11d8 pe_info::iterate_imports  154 Checking imports in 'SHLWAPI.dll'
11d8 pe_info::iterate_imports  154 Checking imports in 'dbghelp.dll'
11d8 pe_info::iterate_imports  154 Checking imports in 'KERNEL32.dll'
11d8 hook_iat                   81 Found import at 00007FFA4A6AC0C8 (value = 00007FFB163353C0)
11d8 hook_iat                   53 Attempting to hook IAT for module 00007FF7B2990000
11d8 hook_iat                   54 Target is (null),GetEnvironmentVariableW (by_name=1)
11d8 pe_info::iterate_imports  154 Checking imports in 'msvcrt.dll'
11d8 pe_info::iterate_imports  154 Checking imports in 'ntdll.dll'
11d8 pe_info::iterate_imports  154 Checking imports in 'api-ms-win-core-kernel32-legacy-l1-1-0.dll'
11d8 pe_info::iterate_imports  154 Checking imports in 'api-ms-win-core-libraryloader-l1-2-0.dll'
11d8 pe_info::iterate_imports  154 Checking imports in 'api-ms-win-core-synch-l1-1-0.dll'
11d8 pe_info::iterate_imports  154 Checking imports in 'api-ms-win-core-heap-l1-1-0.dll'
11d8 pe_info::iterate_imports  154 Checking imports in 'api-ms-win-core-errorhandling-l1-1-0.dll'
11d8 pe_info::iterate_imports  154 Checking imports in 'api-ms-win-core-processthreads-l1-1-0.dll'
11d8 pe_info::iterate_imports  154 Checking imports in 'api-ms-win-core-localization-l1-2-0.dll'
11d8 pe_info::iterate_imports  154 Checking imports in 'api-ms-win-core-debug-l1-1-0.dll'
11d8 pe_info::iterate_imports  154 Checking imports in 'api-ms-win-core-handle-l1-1-0.dll'
11d8 pe_info::iterate_imports  154 Checking imports in 'api-ms-win-core-memory-l1-1-0.dll'
11d8 pe_info::iterate_imports  154 Checking imports in 'api-ms-win-core-console-l1-1-0.dll'
11d8 pe_info::iterate_imports  154 Checking imports in 'api-ms-win-core-file-l1-1-0.dll'
11d8 pe_info::iterate_imports  154 Checking imports in 'api-ms-win-core-string-l1-1-0.dll'
11d8 pe_info::iterate_imports  154 Checking imports in 'api-ms-win-core-processenvironment-l1-1-0.dll'
11d8 hook_iat                   81 Found import at 00007FF7B29C3880 (value = 00007FFB13F55240)
11d8 hook_iat                   53 Attempting to hook IAT for module 00007FFA4A5F0000
11d8 hook_iat                   54 Target is (null),GetEnvironmentVariableW (by_name=1)
11d8 pe_info::iterate_imports  154 Checking imports in 'VERSION.dll'
11d8 pe_info::iterate_imports  154 Checking imports in 'SHLWAPI.dll'
11d8 pe_info::iterate_imports  154 Checking imports in 'dbghelp.dll'
11d8 pe_info::iterate_imports  154 Checking imports in 'KERNEL32.dll'
11d8 hook_iat                   81 Found import at 00007FFA4A6AC1C8 (value = 00007FFB1632B620)
11d8 hook_setter::commit        88 <<< Hook transaction committed.
11d8 hook_iat                   53 Attempting to hook IAT for module 00007FF7B2990000
11d8 hook_iat                   54 Target is (null),GetEnvironmentVariableW (by_name=1)
11d8 pe_info::iterate_imports  154 Checking imports in 'msvcrt.dll'
11d8 pe_info::iterate_imports  154 Checking imports in 'ntdll.dll'
11d8 pe_info::iterate_imports  154 Checking imports in 'api-ms-win-core-kernel32-legacy-l1-1-0.dll'
11d8 pe_info::iterate_imports  154 Checking imports in 'api-ms-win-core-libraryloader-l1-2-0.dll'
11d8 pe_info::iterate_imports  154 Checking imports in 'api-ms-win-core-synch-l1-1-0.dll'
11d8 pe_info::iterate_imports  154 Checking imports in 'api-ms-win-core-heap-l1-1-0.dll'
11d8 pe_info::iterate_imports  154 Checking imports in 'api-ms-win-core-errorhandling-l1-1-0.dll'
11d8 pe_info::iterate_imports  154 Checking imports in 'api-ms-win-core-processthreads-l1-1-0.dll'
11d8 pe_info::iterate_imports  154 Checking imports in 'api-ms-win-core-localization-l1-2-0.dll'
11d8 pe_info::iterate_imports  154 Checking imports in 'api-ms-win-core-debug-l1-1-0.dll'
11d8 pe_info::iterate_imports  154 Checking imports in 'api-ms-win-core-handle-l1-1-0.dll'
11d8 pe_info::iterate_imports  154 Checking imports in 'api-ms-win-core-memory-l1-1-0.dll'
11d8 pe_info::iterate_imports  154 Checking imports in 'api-ms-win-core-console-l1-1-0.dll'
11d8 pe_info::iterate_imports  154 Checking imports in 'api-ms-win-core-file-l1-1-0.dll'
11d8 pe_info::iterate_imports  154 Checking imports in 'api-ms-win-core-string-l1-1-0.dll'
11d8 pe_info::iterate_imports  154 Checking imports in 'api-ms-win-core-processenvironment-l1-1-0.dll'
11d8 hook_iat                   81 Found import at 00007FF7B29C3880 (value = 00007FFA4A5FD770)
11d8 hook_setter::hook_setter   36 >>> Started hook transaction.
11d8 hook_setter::add_detour   119 Attempting to hook ReadConsoleW in kernelbase.dll with 00007FFA4A5FDAE0.
11d8 add_repair_iat_node       135 Attempting to hook IAT for module 00007FFA4A5F0000.
11d8 add_repair_iat_node       143 Target is ReadConsoleW (by name).
11d8 pe_info::iterate_imports  154 Checking imports in 'VERSION.dll'
11d8 pe_info::iterate_imports  154 Checking imports in 'SHLWAPI.dll'
11d8 pe_info::iterate_imports  154 Checking imports in 'dbghelp.dll'
11d8 pe_info::iterate_imports  154 Checking imports in 'KERNEL32.dll'
11d8 add_repair_iat_node       168 Found import at 00007FFA4A6AC1C0 (value is 00007FFB16335370).
11d8 hook_setter::add_detour   119 Attempting to hook ReadConsoleW in kernel32.dll with 00007FFA4A5FDAE0.
11d8 follow_jump               121 Following jump to 00007FFB14022F70
11d8 add_repair_iat_node       135 Attempting to hook IAT for module 00007FFA4A5F0000.
11d8 add_repair_iat_node       143 Target is ReadConsoleW (by name).
11d8 pe_info::iterate_imports  154 Checking imports in 'VERSION.dll'
11d8 pe_info::iterate_imports  154 Checking imports in 'SHLWAPI.dll'
11d8 pe_info::iterate_imports  154 Checking imports in 'dbghelp.dll'
11d8 pe_info::iterate_imports  154 Checking imports in 'KERNEL32.dll'
11d8 add_repair_iat_node       168 Found import at 00007FFA4A6AC1C0 (value is 00007FFB16335370).
11d8 hook_setter::commit        88 <<< Hook transaction committed.
11d8 history_db::initialise    789 master bank ctag: |CTAG_1667934763_316112281_8904_0
11d8 history_db::compact       922 History:  0 active, 0 deleted
11d8 win_screen_buffer::begin   77 Using native terminal support; found 'conemuhk64.dll'.
08c0 initialise_clink          100 Host process is 'cmd.exe'
08c0 hook_setter::hook_setter   36 >>> Started hook transaction.
08c0 hook_iat                   53 Attempting to hook IAT for module 00007FF7B2990000
08c0 hook_iat                   54 Target is (null),SetEnvironmentVariableW (by_name=1)
08c0 pe_info::iterate_imports  154 Checking imports in 'msvcrt.dll'
08c0 pe_info::iterate_imports  154 Checking imports in 'ntdll.dll'
08c0 pe_info::iterate_imports  154 Checking imports in 'api-ms-win-core-kernel32-legacy-l1-1-0.dll'
08c0 pe_info::iterate_imports  154 Checking imports in 'api-ms-win-core-libraryloader-l1-2-0.dll'
08c0 pe_info::iterate_imports  154 Checking imports in 'api-ms-win-core-synch-l1-1-0.dll'
08c0 pe_info::iterate_imports  154 Checking imports in 'api-ms-win-core-heap-l1-1-0.dll'
08c0 pe_info::iterate_imports  154 Checking imports in 'api-ms-win-core-errorhandling-l1-1-0.dll'
08c0 pe_info::iterate_imports  154 Checking imports in 'api-ms-win-core-processthreads-l1-1-0.dll'
08c0 pe_info::iterate_imports  154 Checking imports in 'api-ms-win-core-localization-l1-2-0.dll'
08c0 pe_info::iterate_imports  154 Checking imports in 'api-ms-win-core-debug-l1-1-0.dll'
08c0 pe_info::iterate_imports  154 Checking imports in 'api-ms-win-core-handle-l1-1-0.dll'
08c0 pe_info::iterate_imports  154 Checking imports in 'api-ms-win-core-memory-l1-1-0.dll'
08c0 pe_info::iterate_imports  154 Checking imports in 'api-ms-win-core-console-l1-1-0.dll'
08c0 pe_info::iterate_imports  154 Checking imports in 'api-ms-win-core-file-l1-1-0.dll'
08c0 pe_info::iterate_imports  154 Checking imports in 'api-ms-win-core-string-l1-1-0.dll'
08c0 pe_info::iterate_imports  154 Checking imports in 'api-ms-win-core-processenvironment-l1-1-0.dll'
08c0 hook_iat                   81 Found import at 00007FF7B29C3860 (value = 00007FFB13F8D620)
08c0 hook_iat                   53 Attempting to hook IAT for module 00007FFA348D0000
08c0 hook_iat                   54 Target is (null),SetEnvironmentVariableW (by_name=1)
08c0 pe_info::iterate_imports  154 Checking imports in 'VERSION.dll'
08c0 pe_info::iterate_imports  154 Checking imports in 'SHLWAPI.dll'
08c0 pe_info::iterate_imports  154 Checking imports in 'dbghelp.dll'
08c0 pe_info::iterate_imports  154 Checking imports in 'KERNEL32.dll'
08c0 hook_iat                   81 Found import at 00007FFA3498C1D0 (value = 00007FFB163309C0)
08c0 hook_iat                   53 Attempting to hook IAT for module 00007FF7B2990000
08c0 hook_iat                   54 Target is (null),WriteConsoleW (by_name=1)
08c0 pe_info::iterate_imports  154 Checking imports in 'msvcrt.dll'
08c0 pe_info::iterate_imports  154 Checking imports in 'ntdll.dll'
08c0 pe_info::iterate_imports  154 Checking imports in 'api-ms-win-core-kernel32-legacy-l1-1-0.dll'
08c0 pe_info::iterate_imports  154 Checking imports in 'api-ms-win-core-libraryloader-l1-2-0.dll'
08c0 pe_info::iterate_imports  154 Checking imports in 'api-ms-win-core-synch-l1-1-0.dll'
08c0 pe_info::iterate_imports  154 Checking imports in 'api-ms-win-core-heap-l1-1-0.dll'
08c0 pe_info::iterate_imports  154 Checking imports in 'api-ms-win-core-errorhandling-l1-1-0.dll'
08c0 pe_info::iterate_imports  154 Checking imports in 'api-ms-win-core-processthreads-l1-1-0.dll'
08c0 pe_info::iterate_imports  154 Checking imports in 'api-ms-win-core-localization-l1-2-0.dll'
08c0 pe_info::iterate_imports  154 Checking imports in 'api-ms-win-core-debug-l1-1-0.dll'
08c0 pe_info::iterate_imports  154 Checking imports in 'api-ms-win-core-handle-l1-1-0.dll'
08c0 pe_info::iterate_imports  154 Checking imports in 'api-ms-win-core-memory-l1-1-0.dll'
08c0 pe_info::iterate_imports  154 Checking imports in 'api-ms-win-core-console-l1-1-0.dll'
08c0 hook_iat                   81 Found import at 00007FF7B29C34F8 (value = 00007FFB13F37670)
08c0 hook_iat                   53 Attempting to hook IAT for module 00007FFA348D0000
08c0 hook_iat                   54 Target is (null),WriteConsoleW (by_name=1)
08c0 pe_info::iterate_imports  154 Checking imports in 'VERSION.dll'
08c0 pe_info::iterate_imports  154 Checking imports in 'SHLWAPI.dll'
08c0 pe_info::iterate_imports  154 Checking imports in 'dbghelp.dll'
08c0 pe_info::iterate_imports  154 Checking imports in 'KERNEL32.dll'
08c0 hook_iat                   81 Found import at 00007FFA3498C0C8 (value = 00007FFB163353C0)
08c0 hook_iat                   53 Attempting to hook IAT for module 00007FF7B2990000
08c0 hook_iat                   54 Target is (null),GetEnvironmentVariableW (by_name=1)
08c0 pe_info::iterate_imports  154 Checking imports in 'msvcrt.dll'
08c0 pe_info::iterate_imports  154 Checking imports in 'ntdll.dll'
08c0 pe_info::iterate_imports  154 Checking imports in 'api-ms-win-core-kernel32-legacy-l1-1-0.dll'
08c0 pe_info::iterate_imports  154 Checking imports in 'api-ms-win-core-libraryloader-l1-2-0.dll'
08c0 pe_info::iterate_imports  154 Checking imports in 'api-ms-win-core-synch-l1-1-0.dll'
08c0 pe_info::iterate_imports  154 Checking imports in 'api-ms-win-core-heap-l1-1-0.dll'
08c0 pe_info::iterate_imports  154 Checking imports in 'api-ms-win-core-errorhandling-l1-1-0.dll'
08c0 pe_info::iterate_imports  154 Checking imports in 'api-ms-win-core-processthreads-l1-1-0.dll'
08c0 pe_info::iterate_imports  154 Checking imports in 'api-ms-win-core-localization-l1-2-0.dll'
08c0 pe_info::iterate_imports  154 Checking imports in 'api-ms-win-core-debug-l1-1-0.dll'
08c0 pe_info::iterate_imports  154 Checking imports in 'api-ms-win-core-handle-l1-1-0.dll'
08c0 pe_info::iterate_imports  154 Checking imports in 'api-ms-win-core-memory-l1-1-0.dll'
08c0 pe_info::iterate_imports  154 Checking imports in 'api-ms-win-core-console-l1-1-0.dll'
08c0 pe_info::iterate_imports  154 Checking imports in 'api-ms-win-core-file-l1-1-0.dll'
08c0 pe_info::iterate_imports  154 Checking imports in 'api-ms-win-core-string-l1-1-0.dll'
08c0 pe_info::iterate_imports  154 Checking imports in 'api-ms-win-core-processenvironment-l1-1-0.dll'
08c0 hook_iat                   81 Found import at 00007FF7B29C3880 (value = 00007FFB13F55240)
08c0 hook_iat                   53 Attempting to hook IAT for module 00007FFA348D0000
08c0 hook_iat                   54 Target is (null),GetEnvironmentVariableW (by_name=1)
08c0 pe_info::iterate_imports  154 Checking imports in 'VERSION.dll'
08c0 pe_info::iterate_imports  154 Checking imports in 'SHLWAPI.dll'
08c0 pe_info::iterate_imports  154 Checking imports in 'dbghelp.dll'
08c0 pe_info::iterate_imports  154 Checking imports in 'KERNEL32.dll'
08c0 hook_iat                   81 Found import at 00007FFA3498C1C8 (value = 00007FFB1632B620)
08c0 hook_setter::commit        88 <<< Hook transaction committed.
08c0 hook_iat                   53 Attempting to hook IAT for module 00007FF7B2990000
08c0 hook_iat                   54 Target is (null),GetEnvironmentVariableW (by_name=1)
08c0 pe_info::iterate_imports  154 Checking imports in 'msvcrt.dll'
08c0 pe_info::iterate_imports  154 Checking imports in 'ntdll.dll'
08c0 pe_info::iterate_imports  154 Checking imports in 'api-ms-win-core-kernel32-legacy-l1-1-0.dll'
08c0 pe_info::iterate_imports  154 Checking imports in 'api-ms-win-core-libraryloader-l1-2-0.dll'
08c0 pe_info::iterate_imports  154 Checking imports in 'api-ms-win-core-synch-l1-1-0.dll'
08c0 pe_info::iterate_imports  154 Checking imports in 'api-ms-win-core-heap-l1-1-0.dll'
08c0 pe_info::iterate_imports  154 Checking imports in 'api-ms-win-core-errorhandling-l1-1-0.dll'
08c0 pe_info::iterate_imports  154 Checking imports in 'api-ms-win-core-processthreads-l1-1-0.dll'
08c0 pe_info::iterate_imports  154 Checking imports in 'api-ms-win-core-localization-l1-2-0.dll'
08c0 pe_info::iterate_imports  154 Checking imports in 'api-ms-win-core-debug-l1-1-0.dll'
08c0 pe_info::iterate_imports  154 Checking imports in 'api-ms-win-core-handle-l1-1-0.dll'
08c0 pe_info::iterate_imports  154 Checking imports in 'api-ms-win-core-memory-l1-1-0.dll'
08c0 pe_info::iterate_imports  154 Checking imports in 'api-ms-win-core-console-l1-1-0.dll'
08c0 pe_info::iterate_imports  154 Checking imports in 'api-ms-win-core-file-l1-1-0.dll'
08c0 pe_info::iterate_imports  154 Checking imports in 'api-ms-win-core-string-l1-1-0.dll'
08c0 pe_info::iterate_imports  154 Checking imports in 'api-ms-win-core-processenvironment-l1-1-0.dll'
08c0 hook_iat                   81 Found import at 00007FF7B29C3880 (value = 00007FFA348DD770)
08c0 hook_setter::hook_setter   36 >>> Started hook transaction.
08c0 hook_setter::add_detour   119 Attempting to hook ReadConsoleW in kernelbase.dll with 00007FFA348DDAE0.
08c0 add_repair_iat_node       135 Attempting to hook IAT for module 00007FFA348D0000.
08c0 add_repair_iat_node       143 Target is ReadConsoleW (by name).
08c0 pe_info::iterate_imports  154 Checking imports in 'VERSION.dll'
08c0 pe_info::iterate_imports  154 Checking imports in 'SHLWAPI.dll'
08c0 pe_info::iterate_imports  154 Checking imports in 'dbghelp.dll'
08c0 pe_info::iterate_imports  154 Checking imports in 'KERNEL32.dll'
08c0 add_repair_iat_node       168 Found import at 00007FFA3498C1C0 (value is 00007FFB16335370).
08c0 hook_setter::add_detour   119 Attempting to hook ReadConsoleW in kernel32.dll with 00007FFA348DDAE0.
08c0 follow_jump               121 Following jump to 00007FFB14022F70
08c0 add_repair_iat_node       135 Attempting to hook IAT for module 00007FFA348D0000.
08c0 add_repair_iat_node       143 Target is ReadConsoleW (by name).
08c0 pe_info::iterate_imports  154 Checking imports in 'VERSION.dll'
08c0 pe_info::iterate_imports  154 Checking imports in 'SHLWAPI.dll'
08c0 pe_info::iterate_imports  154 Checking imports in 'dbghelp.dll'
08c0 pe_info::iterate_imports  154 Checking imports in 'KERNEL32.dll'
08c0 add_repair_iat_node       168 Found import at 00007FFA3498C1C0 (value is 00007FFB16335370).
08c0 hook_setter::commit        88 <<< Hook transaction committed.
08c0 history_db::initialise    789 master bank ctag: |CTAG_1667934763_316112281_8904_0
08c0 history_db::compact       922 History:  0 active, 0 deleted
08c0 win_screen_buffer::begin   77 Using native terminal support; found 'conemuhk64.dll'.
08c0 history_db::compact       922 History:  0 active, 0 deleted
08c0 history_db::compact       922 History:  0 active, 0 deleted
08c0 history_db::compact       922 History:  0 active, 0 deleted
08c0 history_db::compact       922 History:  0 active, 0 deleted
08c0 history_db::compact       922 History:  0 active, 0 deleted
08c0 history_db::compact       922 History:  0 active, 0 deleted
08c0 history_db::compact       922 History:  0 active, 0 deleted
08c0 history_db::compact       922 History:  0 active, 0 deleted
08c0 history_db::compact       922 History:  0 active, 0 deleted
08c0 history_db::compact       922 History:  0 active, 0 deleted
08c0 history_db::compact       922 History:  0 active, 0 deleted
08c0 history_db::compact       922 History:  0 active, 0 deleted
08c0 history_db::compact       922 History:  0 active, 0 deleted
08c0 history_db::compact       922 History:  0 active, 0 deleted
08c0 history_db::compact       922 History:  0 active, 0 deleted
08c0 history_db::compact       922 History:  0 active, 0 deleted
3aec initialise_clink          100 Host process is 'cmd.exe'
3aec hook_setter::hook_setter   36 >>> Started hook transaction.
3aec hook_iat                   53 Attempting to hook IAT for module 00007FF7B2990000
3aec hook_iat                   54 Target is (null),SetEnvironmentVariableW (by_name=1)
3aec pe_info::iterate_imports  154 Checking imports in 'msvcrt.dll'
3aec pe_info::iterate_imports  154 Checking imports in 'ntdll.dll'
3aec pe_info::iterate_imports  154 Checking imports in 'api-ms-win-core-kernel32-legacy-l1-1-0.dll'
3aec pe_info::iterate_imports  154 Checking imports in 'api-ms-win-core-libraryloader-l1-2-0.dll'
3aec pe_info::iterate_imports  154 Checking imports in 'api-ms-win-core-synch-l1-1-0.dll'
3aec pe_info::iterate_imports  154 Checking imports in 'api-ms-win-core-heap-l1-1-0.dll'
3aec pe_info::iterate_imports  154 Checking imports in 'api-ms-win-core-errorhandling-l1-1-0.dll'
3aec pe_info::iterate_imports  154 Checking imports in 'api-ms-win-core-processthreads-l1-1-0.dll'
3aec pe_info::iterate_imports  154 Checking imports in 'api-ms-win-core-localization-l1-2-0.dll'
3aec pe_info::iterate_imports  154 Checking imports in 'api-ms-win-core-debug-l1-1-0.dll'
3aec pe_info::iterate_imports  154 Checking imports in 'api-ms-win-core-handle-l1-1-0.dll'
3aec pe_info::iterate_imports  154 Checking imports in 'api-ms-win-core-memory-l1-1-0.dll'
3aec pe_info::iterate_imports  154 Checking imports in 'api-ms-win-core-console-l1-1-0.dll'
3aec pe_info::iterate_imports  154 Checking imports in 'api-ms-win-core-file-l1-1-0.dll'
3aec pe_info::iterate_imports  154 Checking imports in 'api-ms-win-core-string-l1-1-0.dll'
3aec pe_info::iterate_imports  154 Checking imports in 'api-ms-win-core-processenvironment-l1-1-0.dll'
3aec hook_iat                   81 Found import at 00007FF7B29C3860 (value = 00007FFB13F8D620)
3aec hook_iat                   53 Attempting to hook IAT for module 00007FFA4A5F0000
3aec hook_iat                   54 Target is (null),SetEnvironmentVariableW (by_name=1)
3aec pe_info::iterate_imports  154 Checking imports in 'VERSION.dll'
3aec pe_info::iterate_imports  154 Checking imports in 'SHLWAPI.dll'
3aec pe_info::iterate_imports  154 Checking imports in 'dbghelp.dll'
3aec pe_info::iterate_imports  154 Checking imports in 'KERNEL32.dll'
3aec hook_iat                   81 Found import at 00007FFA4A6AC1D0 (value = 00007FFB163309C0)
3aec hook_iat                   53 Attempting to hook IAT for module 00007FF7B2990000
3aec hook_iat                   54 Target is (null),WriteConsoleW (by_name=1)
3aec pe_info::iterate_imports  154 Checking imports in 'msvcrt.dll'
3aec pe_info::iterate_imports  154 Checking imports in 'ntdll.dll'
3aec pe_info::iterate_imports  154 Checking imports in 'api-ms-win-core-kernel32-legacy-l1-1-0.dll'
3aec pe_info::iterate_imports  154 Checking imports in 'api-ms-win-core-libraryloader-l1-2-0.dll'
3aec pe_info::iterate_imports  154 Checking imports in 'api-ms-win-core-synch-l1-1-0.dll'
3aec pe_info::iterate_imports  154 Checking imports in 'api-ms-win-core-heap-l1-1-0.dll'
3aec pe_info::iterate_imports  154 Checking imports in 'api-ms-win-core-errorhandling-l1-1-0.dll'
3aec pe_info::iterate_imports  154 Checking imports in 'api-ms-win-core-processthreads-l1-1-0.dll'
3aec pe_info::iterate_imports  154 Checking imports in 'api-ms-win-core-localization-l1-2-0.dll'
3aec pe_info::iterate_imports  154 Checking imports in 'api-ms-win-core-debug-l1-1-0.dll'
3aec pe_info::iterate_imports  154 Checking imports in 'api-ms-win-core-handle-l1-1-0.dll'
3aec pe_info::iterate_imports  154 Checking imports in 'api-ms-win-core-memory-l1-1-0.dll'
3aec pe_info::iterate_imports  154 Checking imports in 'api-ms-win-core-console-l1-1-0.dll'
3aec hook_iat                   81 Found import at 00007FF7B29C34F8 (value = 00007FFB13F37670)
3aec hook_iat                   53 Attempting to hook IAT for module 00007FFA4A5F0000
3aec hook_iat                   54 Target is (null),WriteConsoleW (by_name=1)
3aec pe_info::iterate_imports  154 Checking imports in 'VERSION.dll'
3aec pe_info::iterate_imports  154 Checking imports in 'SHLWAPI.dll'
3aec pe_info::iterate_imports  154 Checking imports in 'dbghelp.dll'
3aec pe_info::iterate_imports  154 Checking imports in 'KERNEL32.dll'
3aec hook_iat                   81 Found import at 00007FFA4A6AC0C8 (value = 00007FFB163353C0)
3aec hook_iat                   53 Attempting to hook IAT for module 00007FF7B2990000
3aec hook_iat                   54 Target is (null),GetEnvironmentVariableW (by_name=1)
3aec pe_info::iterate_imports  154 Checking imports in 'msvcrt.dll'
3aec pe_info::iterate_imports  154 Checking imports in 'ntdll.dll'
3aec pe_info::iterate_imports  154 Checking imports in 'api-ms-win-core-kernel32-legacy-l1-1-0.dll'
3aec pe_info::iterate_imports  154 Checking imports in 'api-ms-win-core-libraryloader-l1-2-0.dll'
3aec pe_info::iterate_imports  154 Checking imports in 'api-ms-win-core-synch-l1-1-0.dll'
3aec pe_info::iterate_imports  154 Checking imports in 'api-ms-win-core-heap-l1-1-0.dll'
3aec pe_info::iterate_imports  154 Checking imports in 'api-ms-win-core-errorhandling-l1-1-0.dll'
3aec pe_info::iterate_imports  154 Checking imports in 'api-ms-win-core-processthreads-l1-1-0.dll'
3aec pe_info::iterate_imports  154 Checking imports in 'api-ms-win-core-localization-l1-2-0.dll'
3aec pe_info::iterate_imports  154 Checking imports in 'api-ms-win-core-debug-l1-1-0.dll'
3aec pe_info::iterate_imports  154 Checking imports in 'api-ms-win-core-handle-l1-1-0.dll'
3aec pe_info::iterate_imports  154 Checking imports in 'api-ms-win-core-memory-l1-1-0.dll'
3aec pe_info::iterate_imports  154 Checking imports in 'api-ms-win-core-console-l1-1-0.dll'
3aec pe_info::iterate_imports  154 Checking imports in 'api-ms-win-core-file-l1-1-0.dll'
3aec pe_info::iterate_imports  154 Checking imports in 'api-ms-win-core-string-l1-1-0.dll'
3aec pe_info::iterate_imports  154 Checking imports in 'api-ms-win-core-processenvironment-l1-1-0.dll'
3aec hook_iat                   81 Found import at 00007FF7B29C3880 (value = 00007FFB13F55240)
3aec hook_iat                   53 Attempting to hook IAT for module 00007FFA4A5F0000
3aec hook_iat                   54 Target is (null),GetEnvironmentVariableW (by_name=1)
3aec pe_info::iterate_imports  154 Checking imports in 'VERSION.dll'
3aec pe_info::iterate_imports  154 Checking imports in 'SHLWAPI.dll'
3aec pe_info::iterate_imports  154 Checking imports in 'dbghelp.dll'
3aec pe_info::iterate_imports  154 Checking imports in 'KERNEL32.dll'
3aec hook_iat                   81 Found import at 00007FFA4A6AC1C8 (value = 00007FFB1632B620)
3aec hook_setter::commit        88 <<< Hook transaction committed.
3aec hook_iat                   53 Attempting to hook IAT for module 00007FF7B2990000
3aec hook_iat                   54 Target is (null),GetEnvironmentVariableW (by_name=1)
3aec pe_info::iterate_imports  154 Checking imports in 'msvcrt.dll'
3aec pe_info::iterate_imports  154 Checking imports in 'ntdll.dll'
3aec pe_info::iterate_imports  154 Checking imports in 'api-ms-win-core-kernel32-legacy-l1-1-0.dll'
3aec pe_info::iterate_imports  154 Checking imports in 'api-ms-win-core-libraryloader-l1-2-0.dll'
3aec pe_info::iterate_imports  154 Checking imports in 'api-ms-win-core-synch-l1-1-0.dll'
3aec pe_info::iterate_imports  154 Checking imports in 'api-ms-win-core-heap-l1-1-0.dll'
3aec pe_info::iterate_imports  154 Checking imports in 'api-ms-win-core-errorhandling-l1-1-0.dll'
3aec pe_info::iterate_imports  154 Checking imports in 'api-ms-win-core-processthreads-l1-1-0.dll'
3aec pe_info::iterate_imports  154 Checking imports in 'api-ms-win-core-localization-l1-2-0.dll'
3aec pe_info::iterate_imports  154 Checking imports in 'api-ms-win-core-debug-l1-1-0.dll'
3aec pe_info::iterate_imports  154 Checking imports in 'api-ms-win-core-handle-l1-1-0.dll'
3aec pe_info::iterate_imports  154 Checking imports in 'api-ms-win-core-memory-l1-1-0.dll'
3aec pe_info::iterate_imports  154 Checking imports in 'api-ms-win-core-console-l1-1-0.dll'
3aec pe_info::iterate_imports  154 Checking imports in 'api-ms-win-core-file-l1-1-0.dll'
3aec pe_info::iterate_imports  154 Checking imports in 'api-ms-win-core-string-l1-1-0.dll'
3aec pe_info::iterate_imports  154 Checking imports in 'api-ms-win-core-processenvironment-l1-1-0.dll'
3aec hook_iat                   81 Found import at 00007FF7B29C3880 (value = 00007FFA4A5FD770)
3aec hook_setter::hook_setter   36 >>> Started hook transaction.
3aec hook_setter::add_detour   119 Attempting to hook ReadConsoleW in kernelbase.dll with 00007FFA4A5FDAE0.
3aec add_repair_iat_node       135 Attempting to hook IAT for module 00007FFA4A5F0000.
3aec add_repair_iat_node       143 Target is ReadConsoleW (by name).
3aec pe_info::iterate_imports  154 Checking imports in 'VERSION.dll'
3aec pe_info::iterate_imports  154 Checking imports in 'SHLWAPI.dll'
3aec pe_info::iterate_imports  154 Checking imports in 'dbghelp.dll'
3aec pe_info::iterate_imports  154 Checking imports in 'KERNEL32.dll'
3aec add_repair_iat_node       168 Found import at 00007FFA4A6AC1C0 (value is 00007FFB16335370).
3aec hook_setter::add_detour   119 Attempting to hook ReadConsoleW in kernel32.dll with 00007FFA4A5FDAE0.
3aec follow_jump               121 Following jump to 00007FFB14022F70
3aec add_repair_iat_node       135 Attempting to hook IAT for module 00007FFA4A5F0000.
3aec add_repair_iat_node       143 Target is ReadConsoleW (by name).
3aec pe_info::iterate_imports  154 Checking imports in 'VERSION.dll'
3aec pe_info::iterate_imports  154 Checking imports in 'SHLWAPI.dll'
3aec pe_info::iterate_imports  154 Checking imports in 'dbghelp.dll'
3aec pe_info::iterate_imports  154 Checking imports in 'KERNEL32.dll'
3aec add_repair_iat_node       168 Found import at 00007FFA4A6AC1C0 (value is 00007FFB16335370).
3aec hook_setter::commit        88 <<< Hook transaction committed.
3aec history_db::initialise    789 master bank ctag: |CTAG_1667934763_316112281_8904_0
3aec history_db::compact       922 History:  14 active, 2 deleted
3aec win_screen_buffer::begin   77 Using native terminal support; found 'conemuhk64.dll'.
3aec history_db::compact       922 History:  14 active, 2 deleted
3aec history_db::compact       922 History:  14 active, 2 deleted
3aec history_db::compact       922 History:  14 active, 2 deleted
3aec history_db::compact       922 History:  14 active, 2 deleted
3760 initialise_clink          100 Host process is 'cmd.exe'
3760 hook_setter::hook_setter   36 >>> Started hook transaction.
3760 hook_iat                   53 Attempting to hook IAT for module 00007FF7E62E0000
3760 hook_iat                   54 Target is (null),SetEnvironmentVariableW (by_name=1)
3760 pe_info::iterate_imports  154 Checking imports in 'msvcrt.dll'
3760 pe_info::iterate_imports  154 Checking imports in 'ntdll.dll'
3760 pe_info::iterate_imports  154 Checking imports in 'api-ms-win-core-kernel32-legacy-l1-1-0.dll'
3760 pe_info::iterate_imports  154 Checking imports in 'api-ms-win-core-libraryloader-l1-2-0.dll'
3760 pe_info::iterate_imports  154 Checking imports in 'api-ms-win-core-synch-l1-1-0.dll'
3760 pe_info::iterate_imports  154 Checking imports in 'api-ms-win-core-heap-l1-1-0.dll'
3760 pe_info::iterate_imports  154 Checking imports in 'api-ms-win-core-errorhandling-l1-1-0.dll'
3760 pe_info::iterate_imports  154 Checking imports in 'api-ms-win-core-processthreads-l1-1-0.dll'
3760 pe_info::iterate_imports  154 Checking imports in 'api-ms-win-core-localization-l1-2-0.dll'
3760 pe_info::iterate_imports  154 Checking imports in 'api-ms-win-core-debug-l1-1-0.dll'
3760 pe_info::iterate_imports  154 Checking imports in 'api-ms-win-core-handle-l1-1-0.dll'
3760 pe_info::iterate_imports  154 Checking imports in 'api-ms-win-core-memory-l1-1-0.dll'
3760 pe_info::iterate_imports  154 Checking imports in 'api-ms-win-core-console-l1-1-0.dll'
3760 pe_info::iterate_imports  154 Checking imports in 'api-ms-win-core-file-l1-1-0.dll'
3760 pe_info::iterate_imports  154 Checking imports in 'api-ms-win-core-string-l1-1-0.dll'
3760 pe_info::iterate_imports  154 Checking imports in 'api-ms-win-core-processenvironment-l1-1-0.dll'
3760 hook_iat                   81 Found import at 00007FF7E6313860 (value = 00007FFC8E9ED620)
3760 hook_iat                   53 Attempting to hook IAT for module 00007FFC489D0000
3760 hook_iat                   54 Target is (null),SetEnvironmentVariableW (by_name=1)
3760 pe_info::iterate_imports  154 Checking imports in 'VERSION.dll'
3760 pe_info::iterate_imports  154 Checking imports in 'SHLWAPI.dll'
3760 pe_info::iterate_imports  154 Checking imports in 'dbghelp.dll'
3760 pe_info::iterate_imports  154 Checking imports in 'KERNEL32.dll'
3760 hook_iat                   81 Found import at 00007FFC48A8C1D0 (value = 00007FFC8FDB09C0)
3760 hook_iat                   53 Attempting to hook IAT for module 00007FF7E62E0000
3760 hook_iat                   54 Target is (null),WriteConsoleW (by_name=1)
3760 pe_info::iterate_imports  154 Checking imports in 'msvcrt.dll'
3760 pe_info::iterate_imports  154 Checking imports in 'ntdll.dll'
3760 pe_info::iterate_imports  154 Checking imports in 'api-ms-win-core-kernel32-legacy-l1-1-0.dll'
3760 pe_info::iterate_imports  154 Checking imports in 'api-ms-win-core-libraryloader-l1-2-0.dll'
3760 pe_info::iterate_imports  154 Checking imports in 'api-ms-win-core-synch-l1-1-0.dll'
3760 pe_info::iterate_imports  154 Checking imports in 'api-ms-win-core-heap-l1-1-0.dll'
3760 pe_info::iterate_imports  154 Checking imports in 'api-ms-win-core-errorhandling-l1-1-0.dll'
3760 pe_info::iterate_imports  154 Checking imports in 'api-ms-win-core-processthreads-l1-1-0.dll'
3760 pe_info::iterate_imports  154 Checking imports in 'api-ms-win-core-localization-l1-2-0.dll'
3760 pe_info::iterate_imports  154 Checking imports in 'api-ms-win-core-debug-l1-1-0.dll'
3760 pe_info::iterate_imports  154 Checking imports in 'api-ms-win-core-handle-l1-1-0.dll'
3760 pe_info::iterate_imports  154 Checking imports in 'api-ms-win-core-memory-l1-1-0.dll'
3760 pe_info::iterate_imports  154 Checking imports in 'api-ms-win-core-console-l1-1-0.dll'
3760 hook_iat                   81 Found import at 00007FF7E63134F8 (value = 00007FFC8E997670)
3760 hook_iat                   53 Attempting to hook IAT for module 00007FFC489D0000
3760 hook_iat                   54 Target is (null),WriteConsoleW (by_name=1)
3760 pe_info::iterate_imports  154 Checking imports in 'VERSION.dll'
3760 pe_info::iterate_imports  154 Checking imports in 'SHLWAPI.dll'
3760 pe_info::iterate_imports  154 Checking imports in 'dbghelp.dll'
3760 pe_info::iterate_imports  154 Checking imports in 'KERNEL32.dll'
3760 hook_iat                   81 Found import at 00007FFC48A8C0C8 (value = 00007FFC8FDB53C0)
3760 hook_iat                   53 Attempting to hook IAT for module 00007FF7E62E0000
3760 hook_iat                   54 Target is (null),GetEnvironmentVariableW (by_name=1)
3760 pe_info::iterate_imports  154 Checking imports in 'msvcrt.dll'
3760 pe_info::iterate_imports  154 Checking imports in 'ntdll.dll'
3760 pe_info::iterate_imports  154 Checking imports in 'api-ms-win-core-kernel32-legacy-l1-1-0.dll'
3760 pe_info::iterate_imports  154 Checking imports in 'api-ms-win-core-libraryloader-l1-2-0.dll'
3760 pe_info::iterate_imports  154 Checking imports in 'api-ms-win-core-synch-l1-1-0.dll'
3760 pe_info::iterate_imports  154 Checking imports in 'api-ms-win-core-heap-l1-1-0.dll'
3760 pe_info::iterate_imports  154 Checking imports in 'api-ms-win-core-errorhandling-l1-1-0.dll'
3760 pe_info::iterate_imports  154 Checking imports in 'api-ms-win-core-processthreads-l1-1-0.dll'
3760 pe_info::iterate_imports  154 Checking imports in 'api-ms-win-core-localization-l1-2-0.dll'
3760 pe_info::iterate_imports  154 Checking imports in 'api-ms-win-core-debug-l1-1-0.dll'
3760 pe_info::iterate_imports  154 Checking imports in 'api-ms-win-core-handle-l1-1-0.dll'
3760 pe_info::iterate_imports  154 Checking imports in 'api-ms-win-core-memory-l1-1-0.dll'
3760 pe_info::iterate_imports  154 Checking imports in 'api-ms-win-core-console-l1-1-0.dll'
3760 pe_info::iterate_imports  154 Checking imports in 'api-ms-win-core-file-l1-1-0.dll'
3760 pe_info::iterate_imports  154 Checking imports in 'api-ms-win-core-string-l1-1-0.dll'
3760 pe_info::iterate_imports  154 Checking imports in 'api-ms-win-core-processenvironment-l1-1-0.dll'
3760 hook_iat                   81 Found import at 00007FF7E6313880 (value = 00007FFC8E9B5240)
3760 hook_iat                   53 Attempting to hook IAT for module 00007FFC489D0000
3760 hook_iat                   54 Target is (null),GetEnvironmentVariableW (by_name=1)
3760 pe_info::iterate_imports  154 Checking imports in 'VERSION.dll'
3760 pe_info::iterate_imports  154 Checking imports in 'SHLWAPI.dll'
3760 pe_info::iterate_imports  154 Checking imports in 'dbghelp.dll'
3760 pe_info::iterate_imports  154 Checking imports in 'KERNEL32.dll'
3760 hook_iat                   81 Found import at 00007FFC48A8C1C8 (value = 00007FFC8FDAB620)
3760 hook_setter::commit        88 <<< Hook transaction committed.
3760 hook_iat                   53 Attempting to hook IAT for module 00007FF7E62E0000
3760 hook_iat                   54 Target is (null),GetEnvironmentVariableW (by_name=1)
3760 pe_info::iterate_imports  154 Checking imports in 'msvcrt.dll'
3760 pe_info::iterate_imports  154 Checking imports in 'ntdll.dll'
3760 pe_info::iterate_imports  154 Checking imports in 'api-ms-win-core-kernel32-legacy-l1-1-0.dll'
3760 pe_info::iterate_imports  154 Checking imports in 'api-ms-win-core-libraryloader-l1-2-0.dll'
3760 pe_info::iterate_imports  154 Checking imports in 'api-ms-win-core-synch-l1-1-0.dll'
3760 pe_info::iterate_imports  154 Checking imports in 'api-ms-win-core-heap-l1-1-0.dll'
3760 pe_info::iterate_imports  154 Checking imports in 'api-ms-win-core-errorhandling-l1-1-0.dll'
3760 pe_info::iterate_imports  154 Checking imports in 'api-ms-win-core-processthreads-l1-1-0.dll'
3760 pe_info::iterate_imports  154 Checking imports in 'api-ms-win-core-localization-l1-2-0.dll'
3760 pe_info::iterate_imports  154 Checking imports in 'api-ms-win-core-debug-l1-1-0.dll'
3760 pe_info::iterate_imports  154 Checking imports in 'api-ms-win-core-handle-l1-1-0.dll'
3760 pe_info::iterate_imports  154 Checking imports in 'api-ms-win-core-memory-l1-1-0.dll'
3760 pe_info::iterate_imports  154 Checking imports in 'api-ms-win-core-console-l1-1-0.dll'
3760 pe_info::iterate_imports  154 Checking imports in 'api-ms-win-core-file-l1-1-0.dll'
3760 pe_info::iterate_imports  154 Checking imports in 'api-ms-win-core-string-l1-1-0.dll'
3760 pe_info::iterate_imports  154 Checking imports in 'api-ms-win-core-processenvironment-l1-1-0.dll'
3760 hook_iat                   81 Found import at 00007FF7E6313880 (value = 00007FFC489DD770)
3760 hook_setter::hook_setter   36 >>> Started hook transaction.
3760 hook_setter::add_detour   119 Attempting to hook ReadConsoleW in kernelbase.dll with 00007FFC489DDAE0.
3760 add_repair_iat_node       135 Attempting to hook IAT for module 00007FFC489D0000.
3760 add_repair_iat_node       143 Target is ReadConsoleW (by name).
3760 pe_info::iterate_imports  154 Checking imports in 'VERSION.dll'
3760 pe_info::iterate_imports  154 Checking imports in 'SHLWAPI.dll'
3760 pe_info::iterate_imports  154 Checking imports in 'dbghelp.dll'
3760 pe_info::iterate_imports  154 Checking imports in 'KERNEL32.dll'
3760 add_repair_iat_node       168 Found import at 00007FFC48A8C1C0 (value is 00007FFC8FDB5370).
3760 hook_setter::add_detour   119 Attempting to hook ReadConsoleW in kernel32.dll with 00007FFC489DDAE0.
3760 follow_jump               121 Following jump to 00007FFC8EA82F70
3760 add_repair_iat_node       135 Attempting to hook IAT for module 00007FFC489D0000.
3760 add_repair_iat_node       143 Target is ReadConsoleW (by name).
3760 pe_info::iterate_imports  154 Checking imports in 'VERSION.dll'
3760 pe_info::iterate_imports  154 Checking imports in 'SHLWAPI.dll'
3760 pe_info::iterate_imports  154 Checking imports in 'dbghelp.dll'
3760 pe_info::iterate_imports  154 Checking imports in 'KERNEL32.dll'
3760 add_repair_iat_node       168 Found import at 00007FFC48A8C1C0 (value is 00007FFC8FDB5370).
3760 hook_setter::commit        88 <<< Hook transaction committed.
3760 history_db::initialise    789 master bank ctag: |CTAG_1667934763_316112281_8904_0
3760 history_db::compact       922 History:  18 active, 2 deleted
3760 win_screen_buffer::begin   77 Using native terminal support; found 'conemuhk64.dll'.
3760 history_db::compact       922 History:  17 active, 3 deleted
3760 history_db::compact       922 History:  16 active, 4 deleted
3760 history_db::compact       922 History:  16 active, 4 deleted
3760 history_db::compact       922 History:  16 active, 4 deleted
3760 history_db::compact       922 History:  16 active, 4 deleted
